2026-03-31 01:56:38,326 [INFO] Activator:176 - 


2026-03-31 01:56:38,330 [INFO] Activator:177 - !SESSION log4j initialized
2026-03-31 01:56:43,771 [INFO] LogOutputStream:77 - [STDOUT_REDIRECT] 
2026-03-31 02:00:44,506 [INFO] Activator:176 - 


2026-03-31 02:00:44,507 [INFO] Activator:177 - !SESSION log4j initialized
2026-03-31 02:00:49,825 [INFO] LogOutputStream:77 - [STDOUT_REDIRECT] 
2026-03-31 02:02:08,064 [INFO] Activator:176 - 


2026-03-31 02:02:08,068 [INFO] Activator:177 - !SESSION log4j initialized
2026-03-31 02:02:22,034 [INFO] LogOutputStream:77 - [STDOUT_REDIRECT] 
2026-03-31 02:02:35,697 [INFO] Activator:176 - 


2026-03-31 02:02:35,699 [INFO] Activator:177 - !SESSION log4j initialized
2026-03-31 02:02:41,116 [INFO] LogOutputStream:77 - [STDOUT_REDIRECT] 
2026-03-31 02:04:01,009 [INFO] Activator:176 - 


2026-03-31 02:04:01,011 [INFO] Activator:177 - !SESSION log4j initialized
2026-03-31 02:04:15,989 [INFO] LogOutputStream:77 - [STDOUT_REDIRECT] 
2026-03-31 02:10:14,623 [ERROR] ConfigurationRetriever:142 - IOException on connection: sw-center.st.com
2026-03-31 02:10:14,624 [ERROR] ConfigurationRetriever:142 - IOException on connection: sw-center.st.com
2026-03-31 02:10:14,624 [ERROR] ConfigurationRetriever:142 - IOException on connection: sw-center.st.com
2026-03-31 02:30:11,885 [INFO] Activator:176 - 


2026-03-31 02:30:11,888 [INFO] Activator:177 - !SESSION log4j initialized
2026-03-31 02:30:16,769 [INFO] LogOutputStream:77 - [STDOUT_REDIRECT] 
2026-03-31 02:30:53,083 [INFO] Activator:176 - 


2026-03-31 02:30:53,086 [INFO] Activator:177 - !SESSION log4j initialized
2026-03-31 02:30:58,336 [INFO] LogOutputStream:77 - [STDOUT_REDIRECT] 
2026-03-31 02:32:22,318 [INFO] Activator:176 - 


2026-03-31 02:32:22,319 [INFO] Activator:177 - !SESSION log4j initialized
2026-03-31 02:32:27,952 [INFO] LogOutputStream:77 - [STDOUT_REDIRECT] 
2026-03-31 02:32:30,464 [ERROR] ConfigurationRetriever:142 - IOException on connection: Connect timed out
2026-03-31 02:32:32,467 [ERROR] ConfigurationRetriever:142 - IOException on connection: Connect timed out
2026-03-31 02:32:34,468 [ERROR] ConfigurationRetriever:142 - IOException on connection: Connect timed out
2026-03-31 02:50:27,642 [ERROR] ConfigurationRetriever:142 - IOException on connection: Connect timed out
2026-03-31 02:50:29,643 [ERROR] ConfigurationRetriever:142 - IOException on connection: Connect timed out
2026-03-31 02:50:31,646 [ERROR] ConfigurationRetriever:142 - IOException on connection: Connect timed out
